Mon Aug 31 07:28:35 UTC 2015  BeagleBone Black on Ben Kovitz's desk

sudo ./dmtimers
PRU1 program completed, event number 271
CONTROL_STATUS = 0x0040033c
CM_PER_L4LS_CLKSTCTRL = 0x00004102
DMTIMER0
  TCLR = 0x00000000
  TCRR = 0x00000000
  TLDR = 0x00000000
  CLKCTRL = 0xdeadbeef
  CLKSEL = 0xdeadbeef
DMTIMER2
  TCLR = 0x00000003
  TCRR = 0xb2a0bf1f
  TLDR = 0x00000000
  CLKCTRL = 0x00000002
  CLKSEL = 0x00000001
DMTIMER3
  TCLR = 0x00000000
  TCRR = 0x00000000
  TLDR = 0x00000000
  CLKCTRL = 0x00030000
  CLKSEL = 0x00000001
DMTIMER3
  TCLR = 0x00000000
  TCRR = 0x00000000
  TLDR = 0x00000000
  CLKCTRL = 0x00030000
  CLKSEL = 0x00000001
DMTIMER5
  TCLR = 0x00000000
  TCRR = 0x00000000
  TLDR = 0x00000000
  CLKCTRL = 0x00030000
  CLKSEL = 0x00000001
DMTIMER6
  TCLR = 0x00000000
  TCRR = 0x00000000
  TLDR = 0x00000000
  CLKCTRL = 0x00030000
  CLKSEL = 0x00000001
DMTIMER7
  TCLR = 0x00000000
  TCRR = 0x00000000
  TLDR = 0x00000000
  CLKCTRL = 0x00030000
  CLKSEL = 0x00000001

PRU1 program completed, event number 272
CONTROL_STATUS = 0x0040033c
CM_PER_L4LS_CLKSTCTRL = 0x00004102
DMTIMER0
  TCLR = 0x00000000
  TCRR = 0x00000000
  TLDR = 0x00000000
  CLKCTRL = 0xdeadbeef
  CLKSEL = 0xdeadbeef
DMTIMER2
  TCLR = 0x00000003
  TCRR = 0xb40f3d6e
  TLDR = 0x00000000
  CLKCTRL = 0x00000002
  CLKSEL = 0x00000001
DMTIMER3
  TCLR = 0x00000000
  TCRR = 0x00000000
  TLDR = 0x00000000
  CLKCTRL = 0x00030000
  CLKSEL = 0x00000001
DMTIMER3
  TCLR = 0x00000000
  TCRR = 0x00000000
  TLDR = 0x00000000
  CLKCTRL = 0x00030000
  CLKSEL = 0x00000001
DMTIMER5
  TCLR = 0x00000000
  TCRR = 0x00000000
  TLDR = 0x00000000
  CLKCTRL = 0x00030000
  CLKSEL = 0x00000001
DMTIMER6
  TCLR = 0x00000000
  TCRR = 0x00000000
  TLDR = 0x00000000
  CLKCTRL = 0x00030000
  CLKSEL = 0x00000001
DMTIMER7
  TCLR = 0x00000000
  TCRR = 0x00000000
  TLDR = 0x00000000
  CLKCTRL = 0x00030000
  CLKSEL = 0x00000001

DMTIMER2.TCRR difference: 24018511
